Loading data...
Raw data shape (280, 32, 32)
Number of training data, output: 560, 40...
Building model and compiling functions...
Number of parameters in model: 11186536
Number of data sign-encoded: 1365
Number of params greater than targets
Starting training...
train.py:71: DeprecationWarning: This function is deprecated. Please call randint(0, 8 + 1) instead
  crops = np.random.random_integers(0, high=8, size=(batchsize, 2))
Epoch 1 of 100 took 1.132s
  training loss:		3.988942
  training r:		0.500033
  validation loss:		3.672821
  validation accuracy:		6.67 %
Epoch 2 of 100 took 0.540s
  training loss:		3.607547
  training r:		0.500122
  validation loss:		6.112854
  validation accuracy:		6.67 %
Epoch 3 of 100 took 0.548s
  training loss:		3.381443
  training r:		0.500297
  validation loss:		15.832300
  validation accuracy:		8.33 %
Epoch 4 of 100 took 0.531s
  training loss:		3.101341
  training r:		0.500462
  validation loss:		3.113144
  validation accuracy:		23.33 %
Epoch 5 of 100 took 0.556s
  training loss:		2.541585
  training r:		0.500540
  validation loss:		3.487113
  validation accuracy:		19.17 %
Epoch 6 of 100 took 0.528s
  training loss:		2.302133
  training r:		0.500737
  validation loss:		4.282166
  validation accuracy:		15.83 %
Epoch 7 of 100 took 0.563s
  training loss:		2.120272
  training r:		0.500956
  validation loss:		3.606185
  validation accuracy:		25.00 %
Epoch 8 of 100 took 0.528s
  training loss:		1.743654
  training r:		0.501110
  validation loss:		5.147426
  validation accuracy:		25.83 %
Epoch 9 of 100 took 0.525s
  training loss:		1.858079
  training r:		0.501213
  validation loss:		2.321289
  validation accuracy:		43.33 %
Epoch 10 of 100 took 0.543s
  training loss:		1.498218
  training r:		0.501327
  validation loss:		1.893842
  validation accuracy:		48.33 %
Epoch 11 of 100 took 0.547s
  training loss:		1.429944
  training r:		0.501473
  validation loss:		2.190822
  validation accuracy:		45.00 %
Epoch 12 of 100 took 0.553s
  training loss:		1.336824
  training r:		0.501587
  validation loss:		2.379852
  validation accuracy:		50.83 %
Epoch 13 of 100 took 0.521s
  training loss:		1.167806
  training r:		0.501732
  validation loss:		1.549884
  validation accuracy:		60.83 %
Epoch 14 of 100 took 0.524s
  training loss:		0.980347
  training r:		0.501810
  validation loss:		4.436303
  validation accuracy:		30.83 %
Epoch 15 of 100 took 0.563s
  training loss:		1.063118
  training r:		0.501884
  validation loss:		1.592298
  validation accuracy:		58.33 %
Epoch 16 of 100 took 0.524s
  training loss:		0.770673
  training r:		0.502051
  validation loss:		1.256815
  validation accuracy:		61.67 %
Epoch 17 of 100 took 0.523s
  training loss:		0.665154
  training r:		0.502246
  validation loss:		1.178790
  validation accuracy:		70.00 %
Epoch 18 of 100 took 0.524s
  training loss:		0.694585
  training r:		0.502351
  validation loss:		3.053428
  validation accuracy:		51.67 %
Epoch 19 of 100 took 0.572s
  training loss:		0.794344
  training r:		0.502431
  validation loss:		1.837704
  validation accuracy:		60.83 %
Epoch 20 of 100 took 0.537s
  training loss:		0.882320
  training r:		0.502520
  validation loss:		1.332239
  validation accuracy:		61.67 %
Epoch 21 of 100 took 0.524s
  training loss:		0.696808
  training r:		0.502623
  validation loss:		1.815801
  validation accuracy:		54.17 %
Epoch 22 of 100 took 0.544s
  training loss:		0.412016
  training r:		0.502685
  validation loss:		0.813140
  validation accuracy:		78.33 %
Epoch 23 of 100 took 0.544s
  training loss:		0.283499
  training r:		0.502833
  validation loss:		1.253324
  validation accuracy:		77.50 %
Epoch 24 of 100 took 0.528s
  training loss:		0.331189
  training r:		0.503017
  validation loss:		1.048394
  validation accuracy:		71.67 %
Epoch 25 of 100 took 0.525s
  training loss:		0.375800
  training r:		0.503146
  validation loss:		1.325211
  validation accuracy:		74.17 %
Epoch 26 of 100 took 0.524s
  training loss:		0.275682
  training r:		0.503322
  validation loss:		1.255151
  validation accuracy:		75.00 %
Epoch 27 of 100 took 0.527s
  training loss:		0.311924
  training r:		0.503464
  validation loss:		2.217288
  validation accuracy:		60.83 %
Epoch 28 of 100 took 0.564s
  training loss:		0.275392
  training r:		0.503602
  validation loss:		2.706474
  validation accuracy:		56.67 %
Epoch 29 of 100 took 0.532s
  training loss:		0.384633
  training r:		0.503774
  validation loss:		1.538177
  validation accuracy:		69.17 %
Epoch 30 of 100 took 0.544s
  training loss:		0.200849
  training r:		0.503971
  validation loss:		0.946230
  validation accuracy:		78.33 %
Epoch 31 of 100 took 0.539s
  training loss:		0.187451
  training r:		0.504086
  validation loss:		0.844857
  validation accuracy:		80.83 %
Epoch 32 of 100 took 0.525s
  training loss:		0.180723
  training r:		0.504167
  validation loss:		1.215360
  validation accuracy:		74.17 %
Epoch 33 of 100 took 0.543s
  training loss:		0.239011
  training r:		0.504279
  validation loss:		1.637329
  validation accuracy:		75.00 %
Epoch 34 of 100 took 0.524s
  training loss:		0.265268
  training r:		0.504373
  validation loss:		2.453432
  validation accuracy:		57.50 %
Epoch 35 of 100 took 0.527s
  training loss:		0.345844
  training r:		0.504533
  validation loss:		1.788681
  validation accuracy:		70.00 %
Epoch 36 of 100 took 0.523s
  training loss:		0.318808
  training r:		0.504722
  validation loss:		1.579407
  validation accuracy:		69.17 %
Epoch 37 of 100 took 0.524s
  training loss:		0.330838
  training r:		0.504797
  validation loss:		1.096698
  validation accuracy:		73.33 %
Epoch 38 of 100 took 0.547s
  training loss:		0.257355
  training r:		0.504983
  validation loss:		1.274544
  validation accuracy:		81.67 %
Epoch 39 of 100 took 0.532s
  training loss:		0.144222
  training r:		0.505031
  validation loss:		1.068743
  validation accuracy:		83.33 %
Epoch 40 of 100 took 0.528s
  training loss:		0.126349
  training r:		0.505163
  validation loss:		1.096276
  validation accuracy:		77.50 %
Epoch 41 of 100 took 0.524s
  training loss:		0.089019
  training r:		0.505276
  validation loss:		0.611867
  validation accuracy:		87.50 %
Epoch 42 of 100 took 0.549s
  training loss:		0.056192
  training r:		0.505341
  validation loss:		0.537016
  validation accuracy:		89.17 %
Epoch 43 of 100 took 0.539s
  training loss:		0.055480
  training r:		0.505364
  validation loss:		0.515117
  validation accuracy:		89.17 %
Epoch 44 of 100 took 0.543s
  training loss:		0.036190
  training r:		0.505387
  validation loss:		0.521893
  validation accuracy:		89.17 %
Epoch 45 of 100 took 0.544s
  training loss:		0.044676
  training r:		0.505406
  validation loss:		0.531186
  validation accuracy:		90.00 %
Epoch 46 of 100 took 0.539s
  training loss:		0.031862
  training r:		0.505429
  validation loss:		0.525271
  validation accuracy:		89.17 %
Epoch 47 of 100 took 0.528s
  training loss:		0.027897
  training r:		0.505456
  validation loss:		0.514314
  validation accuracy:		89.17 %
Epoch 48 of 100 took 0.527s
  training loss:		0.025222
  training r:		0.505468
  validation loss:		0.523500
  validation accuracy:		89.17 %
Epoch 49 of 100 took 0.547s
  training loss:		0.040846
  training r:		0.505474
  validation loss:		0.550316
  validation accuracy:		88.33 %
Epoch 50 of 100 took 0.520s
  training loss:		0.033187
  training r:		0.505501
  validation loss:		0.551887
  validation accuracy:		88.33 %
Epoch 51 of 100 took 0.539s
  training loss:		0.029366
  training r:		0.505528
  validation loss:		0.577039
  validation accuracy:		89.17 %
Epoch 52 of 100 took 0.528s
  training loss:		0.025239
  training r:		0.505541
  validation loss:		0.581341
  validation accuracy:		89.17 %
Epoch 53 of 100 took 0.542s
  training loss:		0.033097
  training r:		0.505567
  validation loss:		0.562427
  validation accuracy:		88.33 %
Epoch 54 of 100 took 0.552s
  training loss:		0.029166
  training r:		0.505591
  validation loss:		0.571436
  validation accuracy:		88.33 %
Epoch 55 of 100 took 0.551s
  training loss:		0.027247
  training r:		0.505613
  validation loss:		0.560391
  validation accuracy:		89.17 %
Epoch 56 of 100 took 0.523s
  training loss:		0.023443
  training r:		0.505641
  validation loss:		0.553643
  validation accuracy:		91.67 %
Epoch 57 of 100 took 0.524s
  training loss:		0.023932
  training r:		0.505666
  validation loss:		0.546846
  validation accuracy:		90.00 %
Epoch 58 of 100 took 0.544s
  training loss:		0.022784
  training r:		0.505679
  validation loss:		0.548129
  validation accuracy:		89.17 %
Epoch 59 of 100 took 0.523s
  training loss:		0.026970
  training r:		0.505709
  validation loss:		0.570549
  validation accuracy:		89.17 %
Epoch 60 of 100 took 0.543s
  training loss:		0.034898
  training r:		0.505721
  validation loss:		0.543644
  validation accuracy:		90.00 %
Epoch 61 of 100 took 0.541s
  training loss:		0.021938
  training r:		0.505713
  validation loss:		0.511378
  validation accuracy:		90.83 %
Epoch 62 of 100 took 0.529s
  training loss:		0.023304
  training r:		0.505723
  validation loss:		0.530942
  validation accuracy:		90.00 %
Epoch 63 of 100 took 0.521s
  training loss:		0.024169
  training r:		0.505731
  validation loss:		0.533171
  validation accuracy:		90.83 %
Epoch 64 of 100 took 0.559s
  training loss:		0.022118
  training r:		0.505735
  validation loss:		0.526920
  validation accuracy:		90.83 %
Epoch 65 of 100 took 0.524s
  training loss:		0.023127
  training r:		0.505737
  validation loss:		0.534993
  validation accuracy:		90.83 %
Epoch 66 of 100 took 0.540s
  training loss:		0.021855
  training r:		0.505745
  validation loss:		0.532313
  validation accuracy:		90.83 %
Epoch 67 of 100 took 0.524s
  training loss:		0.032775
  training r:		0.505749
  validation loss:		0.531934
  validation accuracy:		90.83 %
Epoch 68 of 100 took 0.540s
  training loss:		0.026421
  training r:		0.505750
  validation loss:		0.535615
  validation accuracy:		90.00 %
Epoch 69 of 100 took 0.559s
  training loss:		0.021030
  training r:		0.505755
  validation loss:		0.526133
  validation accuracy:		90.83 %
Epoch 70 of 100 took 0.531s
  training loss:		0.019379
  training r:		0.505763
  validation loss:		0.536965
  validation accuracy:		88.33 %
Epoch 71 of 100 took 0.528s
  training loss:		0.023703
  training r:		0.505769
  validation loss:		0.523397
  validation accuracy:		90.00 %
Epoch 72 of 100 took 0.527s
  training loss:		0.020098
  training r:		0.505773
  validation loss:		0.531542
  validation accuracy:		90.83 %
Epoch 73 of 100 took 0.539s
  training loss:		0.022169
  training r:		0.505773
  validation loss:		0.526376
  validation accuracy:		90.83 %
Epoch 74 of 100 took 0.574s
  training loss:		0.019809
  training r:		0.505775
  validation loss:		0.558821
  validation accuracy:		90.00 %
Epoch 75 of 100 took 0.549s
  training loss:		0.028891
  training r:		0.505777
  validation loss:		0.534011
  validation accuracy:		90.83 %
Epoch 76 of 100 took 0.548s
  training loss:		0.021386
  training r:		0.505773
  validation loss:		0.533931
  validation accuracy:		90.83 %
Epoch 77 of 100 took 0.531s
  training loss:		0.030303
  training r:		0.505775
  validation loss:		0.530488
  validation accuracy:		90.00 %
Epoch 78 of 100 took 0.540s
  training loss:		0.029287
  training r:		0.505776
  validation loss:		0.526018
  validation accuracy:		90.00 %
Epoch 79 of 100 took 0.540s
  training loss:		0.024511
  training r:		0.505779
  validation loss:		0.536352
  validation accuracy:		90.83 %
Epoch 80 of 100 took 0.544s
  training loss:		0.025125
  training r:		0.505783
  validation loss:		0.528158
  validation accuracy:		90.83 %
Epoch 81 of 100 took 0.529s
  training loss:		0.024480
  training r:		0.505785
  validation loss:		0.538280
  validation accuracy:		90.00 %
Epoch 82 of 100 took 0.543s
  training loss:		0.036162
  training r:		0.505783
  validation loss:		0.549099
  validation accuracy:		90.00 %
Epoch 83 of 100 took 0.524s
  training loss:		0.019227
  training r:		0.505788
  validation loss:		0.542288
  validation accuracy:		90.00 %
Epoch 84 of 100 took 0.549s
  training loss:		0.022321
  training r:		0.505794
  validation loss:		0.552087
  validation accuracy:		90.00 %
Epoch 85 of 100 took 0.542s
  training loss:		0.026848
  training r:		0.505799
  validation loss:		0.526457
  validation accuracy:		90.00 %
Epoch 86 of 100 took 0.539s
  training loss:		0.026440
  training r:		0.505804
  validation loss:		0.518999
  validation accuracy:		90.83 %
Epoch 87 of 100 took 0.523s
  training loss:		0.020787
  training r:		0.505800
  validation loss:		0.535649
  validation accuracy:		90.00 %
Epoch 88 of 100 took 0.544s
  training loss:		0.019386
  training r:		0.505806
  validation loss:		0.533972
  validation accuracy:		90.00 %
Epoch 89 of 100 took 0.527s
  training loss:		0.027057
  training r:		0.505810
  validation loss:		0.542537
  validation accuracy:		90.00 %
Epoch 90 of 100 took 0.528s
  training loss:		0.023649
  training r:		0.505817
  validation loss:		0.544345
  validation accuracy:		90.00 %
Epoch 91 of 100 took 0.528s
  training loss:		0.022358
  training r:		0.505815
  validation loss:		0.544552
  validation accuracy:		89.17 %
Epoch 92 of 100 took 0.524s
  training loss:		0.022848
  training r:		0.505823
  validation loss:		0.548527
  validation accuracy:		90.00 %
Epoch 93 of 100 took 0.543s
  training loss:		0.022493
  training r:		0.505828
  validation loss:		0.526730
  validation accuracy:		90.00 %
Epoch 94 of 100 took 0.557s
  training loss:		0.023942
  training r:		0.505828
  validation loss:		0.538962
  validation accuracy:		89.17 %
Epoch 95 of 100 took 0.527s
  training loss:		0.027852
  training r:		0.505825
  validation loss:		0.551864
  validation accuracy:		89.17 %
Epoch 96 of 100 took 0.524s
  training loss:		0.022260
  training r:		0.505827
  validation loss:		0.538013
  validation accuracy:		90.00 %
Epoch 97 of 100 took 0.520s
  training loss:		0.019433
  training r:		0.505828
  validation loss:		0.543925
  validation accuracy:		90.83 %
Epoch 98 of 100 took 0.523s
  training loss:		0.025565
  training r:		0.505834
  validation loss:		0.547299
  validation accuracy:		90.00 %
Epoch 99 of 100 took 0.520s
  training loss:		0.032675
  training r:		0.505829
  validation loss:		0.528742
  validation accuracy:		90.00 %
Epoch 100 of 100 took 0.519s
  training loss:		0.022381
  training r:		0.505823
  validation loss:		0.542593
  validation accuracy:		88.33 %
Final results:
  test loss:			0.542593
  test accuracy:		88.33 %
tensor([ 0,  0,  0,  1,  1,  1,  2, 39, 39,  3, 19,  3,  4,  4, 35,  5,  5,  5,
         6,  6,  6,  7,  7,  7,  8,  8,  8,  9,  9,  7, 10, 10, 10, 11, 11, 11,
        12,  5, 12, 13], device='cuda:0')
[ 0  0  0  1  1  1  2  2  2  3  3  3  4  4  4  5  5  5  6  6  6  7  7  7
  8  8  8  9  9  9 10 10 10 11 11 11 12 12 12 13 13 13 14 14 14 15 15 15
 16 16 16 17 17 17 18 18 18 19 19 19 20 20 20 21 21 21 22 22 22 23 23 23
 24 24 24 25 25 25 26 26 26 27 27 27 28 28 28 29 29 29 30 30 30 31 31 31
 32 32 32 33 33 33 34 34 34 35 35 35 36 36 36 37 37 37 38 38 38 39 39 39]
tensor([26, 13, 14, 14, 29, 15, 15, 15, 16, 16, 16, 17, 17, 17, 18, 18, 18, 19,
        19, 19, 29, 20, 20, 21, 21, 21, 22, 11, 22, 23, 23, 23, 24, 24, 24, 25,
        25, 25, 12, 26], device='cuda:0')
[ 0  0  0  1  1  1  2  2  2  3  3  3  4  4  4  5  5  5  6  6  6  7  7  7
  8  8  8  9  9  9 10 10 10 11 11 11 12 12 12 13 13 13 14 14 14 15 15 15
 16 16 16 17 17 17 18 18 18 19 19 19 20 20 20 21 21 21 22 22 22 23 23 23
 24 24 24 25 25 25 26 26 26 27 27 27 28 28 28 29 29 29 30 30 30 31 31 31
 32 32 32 33 33 33 34 34 34 35 35 35 36 36 36 37 37 37 38 38 38 39 39 39]
tensor([26, 27, 27, 27, 28, 38, 28, 29, 29, 29, 30, 30,  1, 31,  3, 31, 32, 32,
        32, 33, 33, 33, 34, 34, 34, 35, 35, 35, 36, 36, 36, 37, 37, 37, 38, 38,
        38, 39, 39, 39], device='cuda:0')
[ 0  0  0  1  1  1  2  2  2  3  3  3  4  4  4  5  5  5  6  6  6  7  7  7
  8  8  8  9  9  9 10 10 10 11 11 11 12 12 12 13 13 13 14 14 14 15 15 15
 16 16 16 17 17 17 18 18 18 19 19 19 20 20 20 21 21 21 22 22 22 23 23 23
 24 24 24 25 25 25 26 26 26 27 27 27 28 28 28 29 29 29 30 30 30 31 31 31
 32 32 32 33 33 33 34 34 34 35 35 35 36 36 36 37 37 37 38 38 38 39 39 39]
0.8833333333333334
