Loading data...
Raw data shape (50000, 32, 32)
Number of training data, output: 100000, 10...
Building model and compiling functions...
Number of parameters in model: 464154
Number of data sign-encoded: 56
Number of params greater than targets
Starting training...
train.py:53: DeprecationWarning: This function is deprecated. Please call randint(0, 8 + 1) instead
  crops = np.random.random_integers(0, high=8, size=(batchsize, 2))
Epoch 1 of 100 took 42.148s
  training loss:		2.747538
  training r:		0.981931
  validation loss:		1.199065
  validation accuracy:		57.28 %
Epoch 2 of 100 took 41.795s
  training loss:		0.954058
  training r:		0.996750
  validation loss:		0.891349
  validation accuracy:		69.18 %
Epoch 3 of 100 took 41.775s
  training loss:		0.733505
  training r:		0.996976
  validation loss:		0.777744
  validation accuracy:		73.90 %
Epoch 4 of 100 took 41.716s
  training loss:		0.623622
  training r:		0.997129
  validation loss:		0.717114
  validation accuracy:		76.01 %
Epoch 5 of 100 took 41.830s
  training loss:		0.560020
  training r:		0.997267
  validation loss:		0.844349
  validation accuracy:		73.63 %
Epoch 6 of 100 took 41.867s
  training loss:		0.515586
  training r:		0.997363
  validation loss:		0.646906
  validation accuracy:		78.56 %
Epoch 7 of 100 took 40.299s
  training loss:		0.487164
  training r:		0.997410
  validation loss:		0.547860
  validation accuracy:		80.99 %
Epoch 8 of 100 took 35.577s
  training loss:		0.460808
  training r:		0.997442
  validation loss:		0.587977
  validation accuracy:		80.38 %
Epoch 9 of 100 took 36.017s
  training loss:		0.437242
  training r:		0.997488
  validation loss:		0.576127
  validation accuracy:		81.06 %
Epoch 10 of 100 took 35.888s
  training loss:		0.427982
  training r:		0.997498
  validation loss:		0.583760
  validation accuracy:		80.59 %
Epoch 11 of 100 took 36.058s
  training loss:		0.412056
  training r:		0.997513
  validation loss:		0.671518
  validation accuracy:		79.31 %
Epoch 12 of 100 took 40.133s
  training loss:		0.401023
  training r:		0.997527
  validation loss:		0.527262
  validation accuracy:		82.67 %
Epoch 13 of 100 took 39.147s
  training loss:		0.392256
  training r:		0.997548
  validation loss:		0.470985
  validation accuracy:		84.18 %
Epoch 14 of 100 took 37.464s
  training loss:		0.382543
  training r:		0.997564
  validation loss:		0.473172
  validation accuracy:		84.16 %
Epoch 15 of 100 took 34.903s
  training loss:		0.380359
  training r:		0.997500
  validation loss:		0.536293
  validation accuracy:		82.72 %
Epoch 16 of 100 took 34.792s
  training loss:		0.364494
  training r:		0.997586
  validation loss:		0.540571
  validation accuracy:		82.38 %
Epoch 17 of 100 took 34.935s
  training loss:		0.361564
  training r:		0.997521
  validation loss:		0.549773
  validation accuracy:		81.98 %
Epoch 18 of 100 took 34.560s
  training loss:		0.356335
  training r:		0.997580
  validation loss:		0.498581
  validation accuracy:		84.05 %
Epoch 19 of 100 took 31.652s
  training loss:		0.352165
  training r:		0.997560
  validation loss:		0.506220
  validation accuracy:		83.34 %
Epoch 20 of 100 took 32.021s
  training loss:		0.344140
  training r:		0.997577
  validation loss:		0.511947
  validation accuracy:		83.92 %
Epoch 21 of 100 took 31.511s
  training loss:		0.341861
  training r:		0.997562
  validation loss:		0.440629
  validation accuracy:		85.42 %
Epoch 22 of 100 took 31.463s
  training loss:		0.339069
  training r:		0.997512
  validation loss:		0.467043
  validation accuracy:		85.10 %
Epoch 23 of 100 took 31.861s
  training loss:		0.334572
  training r:		0.997571
  validation loss:		0.659804
  validation accuracy:		80.33 %
Epoch 24 of 100 took 32.140s
  training loss:		0.332021
  training r:		0.997548
  validation loss:		0.521026
  validation accuracy:		83.69 %
Epoch 25 of 100 took 31.399s
  training loss:		0.332813
  training r:		0.997525
  validation loss:		0.612902
  validation accuracy:		81.11 %
Epoch 26 of 100 took 31.304s
  training loss:		0.327531
  training r:		0.997556
  validation loss:		0.452139
  validation accuracy:		85.04 %
Epoch 27 of 100 took 31.372s
  training loss:		0.326425
  training r:		0.997513
  validation loss:		0.623633
  validation accuracy:		80.96 %
Epoch 28 of 100 took 31.386s
  training loss:		0.319071
  training r:		0.997571
  validation loss:		0.455035
  validation accuracy:		85.45 %
Epoch 29 of 100 took 31.485s
  training loss:		0.321489
  training r:		0.997586
  validation loss:		0.477311
  validation accuracy:		84.37 %
Epoch 30 of 100 took 31.377s
  training loss:		0.315925
  training r:		0.997572
  validation loss:		0.560481
  validation accuracy:		82.17 %
Epoch 31 of 100 took 31.659s
  training loss:		0.315970
  training r:		0.997587
  validation loss:		0.497429
  validation accuracy:		83.95 %
Epoch 32 of 100 took 32.084s
  training loss:		0.312635
  training r:		0.997519
  validation loss:		0.477215
  validation accuracy:		84.27 %
Epoch 33 of 100 took 31.707s
  training loss:		0.309011
  training r:		0.997553
  validation loss:		0.476667
  validation accuracy:		85.08 %
Epoch 34 of 100 took 31.484s
  training loss:		0.309594
  training r:		0.997581
  validation loss:		0.407301
  validation accuracy:		86.14 %
Epoch 35 of 100 took 31.367s
  training loss:		0.304830
  training r:		0.997566
  validation loss:		0.488803
  validation accuracy:		84.19 %
Epoch 36 of 100 took 31.431s
  training loss:		0.306764
  training r:		0.997528
  validation loss:		0.449588
  validation accuracy:		85.95 %
Epoch 37 of 100 took 31.401s
  training loss:		0.305809
  training r:		0.997538
  validation loss:		0.540989
  validation accuracy:		83.97 %
Epoch 38 of 100 took 31.517s
  training loss:		0.299521
  training r:		0.997603
  validation loss:		0.456191
  validation accuracy:		85.40 %
Epoch 39 of 100 took 31.440s
  training loss:		0.298122
  training r:		0.997556
  validation loss:		0.435276
  validation accuracy:		85.75 %
Epoch 40 of 100 took 31.405s
  training loss:		0.301170
  training r:		0.997552
  validation loss:		0.416094
  validation accuracy:		86.59 %
Epoch 41 of 100 took 31.412s
  training loss:		0.297435
  training r:		0.997528
  validation loss:		0.447969
  validation accuracy:		85.62 %
Epoch 42 of 100 took 31.437s
  training loss:		0.174903
  training r:		0.999853
  validation loss:		0.286227
  validation accuracy:		90.59 %
Epoch 43 of 100 took 31.329s
  training loss:		0.138864
  training r:		0.999842
  validation loss:		0.274357
  validation accuracy:		91.04 %
Epoch 44 of 100 took 31.734s
  training loss:		0.122802
  training r:		0.999797
  validation loss:		0.284901
  validation accuracy:		90.98 %
Epoch 45 of 100 took 32.061s
  training loss:		0.111048
  training r:		0.999758
  validation loss:		0.285835
  validation accuracy:		91.04 %
Epoch 46 of 100 took 31.884s
  training loss:		0.104852
  training r:		0.999713
  validation loss:		0.296308
  validation accuracy:		90.92 %
Epoch 47 of 100 took 31.493s
  training loss:		0.097648
  training r:		0.999678
  validation loss:		0.296978
  validation accuracy:		91.12 %
Epoch 48 of 100 took 31.386s
  training loss:		0.091610
  training r:		0.999643
  validation loss:		0.298944
  validation accuracy:		91.31 %
Epoch 49 of 100 took 31.507s
  training loss:		0.086828
  training r:		0.999603
  validation loss:		0.311038
  validation accuracy:		91.02 %
Epoch 50 of 100 took 31.442s
  training loss:		0.082041
  training r:		0.999570
  validation loss:		0.322115
  validation accuracy:		91.00 %
Epoch 51 of 100 took 31.536s
  training loss:		0.076997
  training r:		0.999550
  validation loss:		0.318381
  validation accuracy:		91.07 %
Epoch 52 of 100 took 31.555s
  training loss:		0.074285
  training r:		0.999525
  validation loss:		0.326961
  validation accuracy:		91.01 %
Epoch 53 of 100 took 31.835s
  training loss:		0.068908
  training r:		0.999515
  validation loss:		0.325630
  validation accuracy:		91.19 %
Epoch 54 of 100 took 31.562s
  training loss:		0.067864
  training r:		0.999468
  validation loss:		0.324049
  validation accuracy:		91.35 %
Epoch 55 of 100 took 31.976s
  training loss:		0.064332
  training r:		0.999447
  validation loss:		0.335996
  validation accuracy:		91.08 %
Epoch 56 of 100 took 31.498s
  training loss:		0.061856
  training r:		0.999438
  validation loss:		0.341249
  validation accuracy:		90.98 %
Epoch 57 of 100 took 31.763s
  training loss:		0.059227
  training r:		0.999423
  validation loss:		0.353012
  validation accuracy:		90.98 %
Epoch 58 of 100 took 31.796s
  training loss:		0.060380
  training r:		0.999386
  validation loss:		0.346630
  validation accuracy:		90.99 %
Epoch 59 of 100 took 31.664s
  training loss:		0.056704
  training r:		0.999374
  validation loss:		0.366289
  validation accuracy:		90.74 %
Epoch 60 of 100 took 32.100s
  training loss:		0.055744
  training r:		0.999363
  validation loss:		0.355630
  validation accuracy:		91.04 %
Epoch 61 of 100 took 31.811s
  training loss:		0.053148
  training r:		0.999363
  validation loss:		0.358052
  validation accuracy:		91.12 %
Epoch 62 of 100 took 31.491s
  training loss:		0.040719
  training r:		0.999944
  validation loss:		0.336406
  validation accuracy:		91.58 %
Epoch 63 of 100 took 31.385s
  training loss:		0.036198
  training r:		0.999949
  validation loss:		0.340970
  validation accuracy:		91.37 %
Epoch 64 of 100 took 31.592s
  training loss:		0.033711
  training r:		0.999946
  validation loss:		0.340085
  validation accuracy:		91.50 %
Epoch 65 of 100 took 31.480s
  training loss:		0.033969
  training r:		0.999939
  validation loss:		0.341963
  validation accuracy:		91.57 %
Epoch 66 of 100 took 31.516s
  training loss:		0.031686
  training r:		0.999934
  validation loss:		0.342347
  validation accuracy:		91.50 %
Epoch 67 of 100 took 31.408s
  training loss:		0.031308
  training r:		0.999924
  validation loss:		0.343202
  validation accuracy:		91.50 %
Epoch 68 of 100 took 31.515s
  training loss:		0.030495
  training r:		0.999918
  validation loss:		0.345106
  validation accuracy:		91.34 %
Epoch 69 of 100 took 31.530s
  training loss:		0.029824
  training r:		0.999911
  validation loss:		0.346398
  validation accuracy:		91.43 %
Epoch 70 of 100 took 31.429s
  training loss:		0.029888
  training r:		0.999902
  validation loss:		0.347789
  validation accuracy:		91.43 %
Epoch 71 of 100 took 31.592s
  training loss:		0.029232
  training r:		0.999896
  validation loss:		0.349565
  validation accuracy:		91.59 %
Epoch 72 of 100 took 31.420s
  training loss:		0.028617
  training r:		0.999892
  validation loss:		0.348491
  validation accuracy:		91.47 %
Epoch 73 of 100 took 31.569s
  training loss:		0.028758
  training r:		0.999883
  validation loss:		0.352121
  validation accuracy:		91.48 %
Epoch 74 of 100 took 31.315s
  training loss:		0.028158
  training r:		0.999875
  validation loss:		0.349289
  validation accuracy:		91.49 %
Epoch 75 of 100 took 31.810s
  training loss:		0.027797
  training r:		0.999874
  validation loss:		0.347954
  validation accuracy:		91.63 %
Epoch 76 of 100 took 31.835s
  training loss:		0.027365
  training r:		0.999863
  validation loss:		0.351779
  validation accuracy:		91.46 %
Epoch 77 of 100 took 31.629s
  training loss:		0.026831
  training r:		0.999864
  validation loss:		0.354679
  validation accuracy:		91.44 %
Epoch 78 of 100 took 31.537s
  training loss:		0.027313
  training r:		0.999856
  validation loss:		0.356049
  validation accuracy:		91.39 %
Epoch 79 of 100 took 31.437s
  training loss:		0.026558
  training r:		0.999857
  validation loss:		0.351621
  validation accuracy:		91.50 %
Epoch 80 of 100 took 31.672s
  training loss:		0.025197
  training r:		0.999858
  validation loss:		0.353144
  validation accuracy:		91.57 %
Epoch 81 of 100 took 31.910s
  training loss:		0.025107
  training r:		0.999846
  validation loss:		0.354490
  validation accuracy:		91.32 %
Epoch 82 of 100 took 32.132s
  training loss:		0.025166
  training r:		0.999848
  validation loss:		0.360127
  validation accuracy:		91.48 %
Epoch 83 of 100 took 32.053s
  training loss:		0.025414
  training r:		0.999837
  validation loss:		0.358242
  validation accuracy:		91.46 %
Epoch 84 of 100 took 31.777s
  training loss:		0.024816
  training r:		0.999839
  validation loss:		0.358034
  validation accuracy:		91.39 %
Epoch 85 of 100 took 31.654s
  training loss:		0.024681
  training r:		0.999833
  validation loss:		0.359119
  validation accuracy:		91.48 %
Epoch 86 of 100 took 31.891s
  training loss:		0.023821
  training r:		0.999837
  validation loss:		0.364170
  validation accuracy:		91.33 %
Epoch 87 of 100 took 31.903s
  training loss:		0.024423
  training r:		0.999828
  validation loss:		0.360335
  validation accuracy:		91.31 %
Epoch 88 of 100 took 31.661s
  training loss:		0.024544
  training r:		0.999825
  validation loss:		0.361637
  validation accuracy:		91.42 %
Epoch 89 of 100 took 31.472s
  training loss:		0.023071
  training r:		0.999828
  validation loss:		0.360056
  validation accuracy:		91.34 %
Epoch 90 of 100 took 31.244s
  training loss:		0.023855
  training r:		0.999808
  validation loss:		0.363087
  validation accuracy:		91.36 %
Epoch 91 of 100 took 31.645s
  training loss:		0.023328
  training r:		0.999816
  validation loss:		0.367326
  validation accuracy:		91.35 %
Epoch 92 of 100 took 31.172s
  training loss:		0.022762
  training r:		0.999816
  validation loss:		0.366025
  validation accuracy:		91.42 %
Epoch 93 of 100 took 31.512s
  training loss:		0.022386
  training r:		0.999814
  validation loss:		0.367675
  validation accuracy:		91.33 %
Epoch 94 of 100 took 31.213s
  training loss:		0.022871
  training r:		0.999809
  validation loss:		0.366350
  validation accuracy:		91.38 %
Epoch 95 of 100 took 31.611s
  training loss:		0.022119
  training r:		0.999811
  validation loss:		0.367383
  validation accuracy:		91.52 %
Epoch 96 of 100 took 31.286s
  training loss:		0.022137
  training r:		0.999811
  validation loss:		0.369139
  validation accuracy:		91.32 %
Epoch 97 of 100 took 31.544s
  training loss:		0.022069
  training r:		0.999807
  validation loss:		0.369407
  validation accuracy:		91.39 %
Epoch 98 of 100 took 31.419s
  training loss:		0.021238
  training r:		0.999817
  validation loss:		0.369901
  validation accuracy:		91.49 %
Epoch 99 of 100 took 31.593s
  training loss:		0.021974
  training r:		0.999800
  validation loss:		0.370243
  validation accuracy:		91.46 %
Epoch 100 of 100 took 31.461s
  training loss:		0.022239
  training r:		0.999790
  validation loss:		0.368682
  validation accuracy:		91.53 %
Final results:
  test loss:			0.368682
  test accuracy:		91.53 %
0.9153
