Loading data...
Raw data shape (50000, 32, 32)
Number of training data, output: 100000, 10...
Building model and compiling functions...
Number of parameters in model: 464154
Number of data sign-encoded: 56
Number of params greater than targets
Starting training...
train.py:53: DeprecationWarning: This function is deprecated. Please call randint(0, 8 + 1) instead
  crops = np.random.random_integers(0, high=8, size=(batchsize, 2))
Epoch 1 of 100 took 46.833s
  training loss:		1.523169
  training r:		0.501343
  validation loss:		1.156068
  validation accuracy:		58.68 %
Epoch 2 of 100 took 46.972s
  training loss:		0.926477
  training r:		0.506932
  validation loss:		0.861711
  validation accuracy:		69.81 %
Epoch 3 of 100 took 46.733s
  training loss:		0.692813
  training r:		0.511677
  validation loss:		0.722260
  validation accuracy:		76.08 %
Epoch 4 of 100 took 46.187s
  training loss:		0.585254
  training r:		0.516001
  validation loss:		0.610250
  validation accuracy:		79.44 %
Epoch 5 of 100 took 46.762s
  training loss:		0.517275
  training r:		0.519762
  validation loss:		0.588910
  validation accuracy:		79.71 %
Epoch 6 of 100 took 46.616s
  training loss:		0.471776
  training r:		0.522988
  validation loss:		0.683831
  validation accuracy:		78.40 %
Epoch 7 of 100 took 46.248s
  training loss:		0.436878
  training r:		0.525259
  validation loss:		0.493179
  validation accuracy:		83.30 %
Epoch 8 of 100 took 46.699s
  training loss:		0.408528
  training r:		0.527598
  validation loss:		0.636882
  validation accuracy:		80.37 %
Epoch 9 of 100 took 47.031s
  training loss:		0.390064
  training r:		0.529796
  validation loss:		0.437909
  validation accuracy:		85.49 %
Epoch 10 of 100 took 46.367s
  training loss:		0.366873
  training r:		0.531900
  validation loss:		0.488168
  validation accuracy:		84.42 %
Epoch 11 of 100 took 46.607s
  training loss:		0.356645
  training r:		0.533542
  validation loss:		0.518733
  validation accuracy:		83.38 %
Epoch 12 of 100 took 46.953s
  training loss:		0.341862
  training r:		0.535183
  validation loss:		0.480356
  validation accuracy:		84.47 %
Epoch 13 of 100 took 46.131s
  training loss:		0.329591
  training r:		0.536032
  validation loss:		0.608641
  validation accuracy:		81.31 %
Epoch 14 of 100 took 47.105s
  training loss:		0.319090
  training r:		0.536965
  validation loss:		0.451606
  validation accuracy:		85.61 %
Epoch 15 of 100 took 46.424s
  training loss:		0.311545
  training r:		0.538053
  validation loss:		0.420816
  validation accuracy:		86.28 %
Epoch 16 of 100 took 46.993s
  training loss:		0.302008
  training r:		0.538796
  validation loss:		0.539968
  validation accuracy:		82.99 %
Epoch 17 of 100 took 46.882s
  training loss:		0.298961
  training r:		0.539296
  validation loss:		0.425904
  validation accuracy:		86.65 %
Epoch 18 of 100 took 46.600s
  training loss:		0.291943
  training r:		0.539543
  validation loss:		0.411013
  validation accuracy:		86.88 %
Epoch 19 of 100 took 46.701s
  training loss:		0.286383
  training r:		0.540497
  validation loss:		0.397524
  validation accuracy:		87.09 %
Epoch 20 of 100 took 46.216s
  training loss:		0.279079
  training r:		0.541056
  validation loss:		0.448772
  validation accuracy:		85.74 %
Epoch 21 of 100 took 46.575s
  training loss:		0.273223
  training r:		0.541457
  validation loss:		0.580282
  validation accuracy:		82.51 %
Epoch 22 of 100 took 46.731s
  training loss:		0.272965
  training r:		0.542137
  validation loss:		0.572924
  validation accuracy:		83.29 %
Epoch 23 of 100 took 47.137s
  training loss:		0.266122
  training r:		0.542507
  validation loss:		0.388596
  validation accuracy:		87.36 %
Epoch 24 of 100 took 47.350s
  training loss:		0.266489
  training r:		0.542181
  validation loss:		0.426752
  validation accuracy:		86.65 %
Epoch 25 of 100 took 46.322s
  training loss:		0.259008
  training r:		0.542612
  validation loss:		0.372430
  validation accuracy:		88.04 %
Epoch 26 of 100 took 46.452s
  training loss:		0.258485
  training r:		0.542833
  validation loss:		0.418047
  validation accuracy:		86.85 %
Epoch 27 of 100 took 46.232s
  training loss:		0.254510
  training r:		0.543299
  validation loss:		0.449796
  validation accuracy:		86.46 %
Epoch 28 of 100 took 46.425s
  training loss:		0.252815
  training r:		0.543634
  validation loss:		0.438054
  validation accuracy:		85.89 %
Epoch 29 of 100 took 46.299s
  training loss:		0.250593
  training r:		0.544299
  validation loss:		0.447806
  validation accuracy:		86.32 %
Epoch 30 of 100 took 46.599s
  training loss:		0.249586
  training r:		0.544062
  validation loss:		0.392494
  validation accuracy:		87.65 %
Epoch 31 of 100 took 47.098s
  training loss:		0.246100
  training r:		0.543908
  validation loss:		0.362017
  validation accuracy:		88.90 %
Epoch 32 of 100 took 45.835s
  training loss:		0.244097
  training r:		0.544175
  validation loss:		0.564144
  validation accuracy:		84.52 %
Epoch 33 of 100 took 46.262s
  training loss:		0.245014
  training r:		0.544245
  validation loss:		0.414216
  validation accuracy:		87.04 %
Epoch 34 of 100 took 47.245s
  training loss:		0.242948
  training r:		0.544440
  validation loss:		0.493085
  validation accuracy:		85.19 %
Epoch 35 of 100 took 46.337s
  training loss:		0.237376
  training r:		0.544421
  validation loss:		0.375467
  validation accuracy:		87.31 %
Epoch 36 of 100 took 46.937s
  training loss:		0.234900
  training r:		0.544409
  validation loss:		0.377457
  validation accuracy:		87.82 %
Epoch 37 of 100 took 46.849s
  training loss:		0.238486
  training r:		0.544990
  validation loss:		0.376774
  validation accuracy:		88.31 %
Epoch 38 of 100 took 46.715s
  training loss:		0.232591
  training r:		0.545122
  validation loss:		0.448621
  validation accuracy:		86.47 %
Epoch 39 of 100 took 47.016s
  training loss:		0.233369
  training r:		0.544836
  validation loss:		0.417233
  validation accuracy:		87.41 %
Epoch 40 of 100 took 47.514s
  training loss:		0.232944
  training r:		0.544764
  validation loss:		0.541800
  validation accuracy:		84.67 %
Epoch 41 of 100 took 46.590s
  training loss:		0.230810
  training r:		0.544426
  validation loss:		0.415542
  validation accuracy:		87.05 %
Epoch 42 of 100 took 46.625s
  training loss:		0.131154
  training r:		0.544347
  validation loss:		0.253011
  validation accuracy:		92.02 %
Epoch 43 of 100 took 46.351s
  training loss:		0.100474
  training r:		0.544698
  validation loss:		0.254527
  validation accuracy:		92.20 %
Epoch 44 of 100 took 46.904s
  training loss:		0.088105
  training r:		0.545072
  validation loss:		0.256505
  validation accuracy:		92.43 %
Epoch 45 of 100 took 46.166s
  training loss:		0.080598
  training r:		0.545460
  validation loss:		0.266294
  validation accuracy:		92.21 %
Epoch 46 of 100 took 46.549s
  training loss:		0.074384
  training r:		0.546037
  validation loss:		0.273086
  validation accuracy:		92.22 %
Epoch 47 of 100 took 47.110s
  training loss:		0.069193
  training r:		0.546572
  validation loss:		0.271649
  validation accuracy:		92.29 %
Epoch 48 of 100 took 46.944s
  training loss:		0.064850
  training r:		0.547140
  validation loss:		0.279457
  validation accuracy:		92.48 %
Epoch 49 of 100 took 46.813s
  training loss:		0.061435
  training r:		0.547559
  validation loss:		0.289271
  validation accuracy:		92.32 %
Epoch 50 of 100 took 46.598s
  training loss:		0.059060
  training r:		0.548054
  validation loss:		0.294498
  validation accuracy:		92.45 %
Epoch 51 of 100 took 46.425s
  training loss:		0.055230
  training r:		0.548788
  validation loss:		0.297596
  validation accuracy:		92.41 %
Epoch 52 of 100 took 46.638s
  training loss:		0.054422
  training r:		0.549256
  validation loss:		0.299452
  validation accuracy:		92.37 %
Epoch 53 of 100 took 46.880s
  training loss:		0.050765
  training r:		0.549620
  validation loss:		0.300837
  validation accuracy:		92.34 %
Epoch 54 of 100 took 46.133s
  training loss:		0.049172
  training r:		0.550171
  validation loss:		0.305267
  validation accuracy:		92.38 %
Epoch 55 of 100 took 47.305s
  training loss:		0.048903
  training r:		0.550733
  validation loss:		0.307721
  validation accuracy:		92.37 %
Epoch 56 of 100 took 46.344s
  training loss:		0.047079
  training r:		0.551258
  validation loss:		0.313687
  validation accuracy:		92.48 %
Epoch 57 of 100 took 46.710s
  training loss:		0.045866
  training r:		0.551641
  validation loss:		0.311810
  validation accuracy:		92.31 %
Epoch 58 of 100 took 46.446s
  training loss:		0.044811
  training r:		0.552252
  validation loss:		0.312515
  validation accuracy:		92.42 %
Epoch 59 of 100 took 46.832s
  training loss:		0.043492
  training r:		0.552484
  validation loss:		0.314735
  validation accuracy:		92.23 %
Epoch 60 of 100 took 46.942s
  training loss:		0.043255
  training r:		0.553151
  validation loss:		0.329617
  validation accuracy:		92.29 %
Epoch 61 of 100 took 46.350s
  training loss:		0.041593
  training r:		0.553749
  validation loss:		0.326911
  validation accuracy:		92.30 %
Epoch 62 of 100 took 46.708s
  training loss:		0.037955
  training r:		0.554033
  validation loss:		0.318321
  validation accuracy:		92.40 %
Epoch 63 of 100 took 47.127s
  training loss:		0.036563
  training r:		0.554172
  validation loss:		0.317676
  validation accuracy:		92.50 %
Epoch 64 of 100 took 47.480s
  training loss:		0.035927
  training r:		0.554194
  validation loss:		0.316352
  validation accuracy:		92.49 %
Epoch 65 of 100 took 46.732s
  training loss:		0.035399
  training r:		0.554234
  validation loss:		0.316566
  validation accuracy:		92.47 %
Epoch 66 of 100 took 47.120s
  training loss:		0.034937
  training r:		0.554384
  validation loss:		0.318464
  validation accuracy:		92.54 %
Epoch 67 of 100 took 47.089s
  training loss:		0.034284
  training r:		0.554421
  validation loss:		0.316032
  validation accuracy:		92.59 %
Epoch 68 of 100 took 47.686s
  training loss:		0.034356
  training r:		0.554467
  validation loss:		0.319301
  validation accuracy:		92.58 %
Epoch 69 of 100 took 46.930s
  training loss:		0.034666
  training r:		0.554536
  validation loss:		0.318700
  validation accuracy:		92.49 %
Epoch 70 of 100 took 46.732s
  training loss:		0.034504
  training r:		0.554540
  validation loss:		0.317801
  validation accuracy:		92.58 %
Epoch 71 of 100 took 46.696s
  training loss:		0.034602
  training r:		0.554613
  validation loss:		0.318263
  validation accuracy:		92.48 %
Epoch 72 of 100 took 46.459s
  training loss:		0.032921
  training r:		0.554691
  validation loss:		0.318288
  validation accuracy:		92.63 %
Epoch 73 of 100 took 46.715s
  training loss:		0.033205
  training r:		0.554733
  validation loss:		0.318738
  validation accuracy:		92.58 %
Epoch 74 of 100 took 46.795s
  training loss:		0.033546
  training r:		0.554800
  validation loss:		0.319038
  validation accuracy:		92.55 %
Epoch 75 of 100 took 46.243s
  training loss:		0.033066
  training r:		0.554801
  validation loss:		0.318805
  validation accuracy:		92.65 %
Epoch 76 of 100 took 46.672s
  training loss:		0.033263
  training r:		0.554836
  validation loss:		0.321355
  validation accuracy:		92.57 %
Epoch 77 of 100 took 45.921s
  training loss:		0.033305
  training r:		0.554965
  validation loss:		0.320515
  validation accuracy:		92.67 %
Epoch 78 of 100 took 46.958s
  training loss:		0.033299
  training r:		0.555055
  validation loss:		0.320653
  validation accuracy:		92.61 %
Epoch 79 of 100 took 46.837s
  training loss:		0.032439
  training r:		0.555120
  validation loss:		0.318882
  validation accuracy:		92.65 %
Epoch 80 of 100 took 46.418s
  training loss:		0.032267
  training r:		0.555230
  validation loss:		0.321358
  validation accuracy:		92.63 %
Epoch 81 of 100 took 47.031s
  training loss:		0.032128
  training r:		0.555302
  validation loss:		0.319296
  validation accuracy:		92.70 %
Epoch 82 of 100 took 46.794s
  training loss:		0.032589
  training r:		0.555366
  validation loss:		0.321409
  validation accuracy:		92.57 %
Epoch 83 of 100 took 46.831s
  training loss:		0.032368
  training r:		0.555477
  validation loss:		0.321647
  validation accuracy:		92.64 %
Epoch 84 of 100 took 47.120s
  training loss:		0.032234
  training r:		0.555472
  validation loss:		0.323348
  validation accuracy:		92.56 %
Epoch 85 of 100 took 47.078s
  training loss:		0.032251
  training r:		0.555540
  validation loss:		0.322686
  validation accuracy:		92.60 %
Epoch 86 of 100 took 46.499s
  training loss:		0.032157
  training r:		0.555573
  validation loss:		0.325444
  validation accuracy:		92.57 %
Epoch 87 of 100 took 46.558s
  training loss:		0.031776
  training r:		0.555657
  validation loss:		0.324480
  validation accuracy:		92.53 %
Epoch 88 of 100 took 47.275s
  training loss:		0.032198
  training r:		0.555687
  validation loss:		0.324685
  validation accuracy:		92.56 %
Epoch 89 of 100 took 46.669s
  training loss:		0.031512
  training r:		0.555709
  validation loss:		0.323922
  validation accuracy:		92.53 %
Epoch 90 of 100 took 46.426s
  training loss:		0.031618
  training r:		0.555820
  validation loss:		0.326226
  validation accuracy:		92.65 %
Epoch 91 of 100 took 46.997s
  training loss:		0.030999
  training r:		0.555920
  validation loss:		0.324998
  validation accuracy:		92.60 %
Epoch 92 of 100 took 46.871s
  training loss:		0.030890
  training r:		0.556017
  validation loss:		0.324898
  validation accuracy:		92.52 %
Epoch 93 of 100 took 46.920s
  training loss:		0.031399
  training r:		0.556041
  validation loss:		0.326487
  validation accuracy:		92.55 %
Epoch 94 of 100 took 47.064s
  training loss:		0.031267
  training r:		0.556177
  validation loss:		0.324494
  validation accuracy:		92.53 %
Epoch 95 of 100 took 46.494s
  training loss:		0.030900
  training r:		0.556247
  validation loss:		0.324974
  validation accuracy:		92.72 %
Epoch 96 of 100 took 46.432s
  training loss:		0.031111
  training r:		0.556295
  validation loss:		0.324237
  validation accuracy:		92.66 %
Epoch 97 of 100 took 46.243s
  training loss:		0.030893
  training r:		0.556398
  validation loss:		0.328218
  validation accuracy:		92.61 %
Epoch 98 of 100 took 46.260s
  training loss:		0.030816
  training r:		0.556490
  validation loss:		0.327961
  validation accuracy:		92.56 %
Epoch 99 of 100 took 47.389s
  training loss:		0.030208
  training r:		0.556564
  validation loss:		0.325529
  validation accuracy:		92.73 %
Epoch 100 of 100 took 46.516s
  training loss:		0.030955
  training r:		0.556653
  validation loss:		0.326841
  validation accuracy:		92.59 %
Final results:
  test loss:			0.326841
  test accuracy:		92.59 %
0.9259
